2026-01-19 22:23:17,304 - __main__ - INFO - Cleaning up logs older than 30 days...
2026-01-19 22:23:17,305 - __main__ - INFO - Cleanup complete. Deleted 0 old log files.
2026-01-19 22:23:17,305 - __main__ - INFO - Starting ilia Telemetry Server on 127.0.0.1:3001
2026-01-19 22:23:17,305 - __main__ - INFO - Log directory: C:\_____School_____\ilia-cli\telemetry\telemetry_logs
2026-01-19 22:23:17,305 - __main__ - INFO - Statistics file: telemetry_logs\statistics.json
2026-01-19 22:23:17,306 - __main__ - INFO - Sessions file: telemetry_logs\sessions.json
2026-01-19 22:23:17,329 - werkzeug - INFO - [31m[1mWARNING: This is a development server. Do not use it in a production deployment. Use a production WSGI server instead.[0m
 * Running on http://127.0.0.1:3001
2026-01-19 22:23:17,329 - werkzeug - INFO - [33mPress CTRL+C to quit[0m
2026-01-19 22:26:49,056 - __main__ - INFO - Cleaning up logs older than 30 days...
2026-01-19 22:26:49,057 - __main__ - INFO - Cleanup complete. Deleted 0 old log files.
2026-01-19 22:26:49,057 - __main__ - INFO - Starting ilia Telemetry Server on 127.0.0.1:3001
2026-01-19 22:26:49,057 - __main__ - INFO - Using server: WAITRESS
2026-01-19 22:26:49,058 - __main__ - INFO - Log directory: C:\_____School_____\ilia-cli\telemetry\telemetry_logs
2026-01-19 22:26:49,130 - __main__ - INFO - Starting Waitress WSGI server on 127.0.0.1:3001
2026-01-19 22:26:49,130 - __main__ - INFO - Waitress is a production-ready WSGI server
2026-01-19 22:26:49,136 - waitress - INFO - Serving on http://127.0.0.1:3001
2026-01-19 22:27:10,050 - __main__ - INFO - Telemetry received: setup_completed from 7cbb940f9c6acf7c
2026-01-19 22:27:10,051 - __main__ - INFO - Telemetry processed: setup_completed from 127.0.0.1
2026-01-19 22:27:40,344 - telemetry_server - ERROR - Exception on /stats [GET]
Traceback (most recent call last):
  File "C:\Users\Dell\AppData\Local\Programs\Python\Python312\Lib\site-packages\flask\app.py", line 2190, in wsgi_app
    response = self.full_dispatch_request()
               ^^^^^^^^^^^^^^^^^^^^^^^^^^^^
  File "C:\Users\Dell\AppData\Local\Programs\Python\Python312\Lib\site-packages\flask\app.py", line 1486, in full_dispatch_request
    rv = self.handle_user_exception(e)
         ^^^^^^^^^^^^^^^^^^^^^^^^^^^^^
  File "C:\Users\Dell\AppData\Local\Programs\Python\Python312\Lib\site-packages\flask\app.py", line 1484, in full_dispatch_request
    rv = self.dispatch_request()
         ^^^^^^^^^^^^^^^^^^^^^^^
  File "C:\Users\Dell\AppData\Local\Programs\Python\Python312\Lib\site-packages\flask\app.py", line 1469, in dispatch_request
    return self.ensure_sync(self.view_functions[rule.endpoint])(**view_args)
           ^^^^^^^^^^^^^^^^^^^^^^^^^^^^^^^^^^^^^^^^^^^^^^^^^^^^^^^^^^^^^^^^^
  File "C:\_____School_____\ilia-cli\telemetry\telemetry_server.py", line 323, in stats
    return jsonify({
           ^^^^^^^^^
  File "C:\Users\Dell\AppData\Local\Programs\Python\Python312\Lib\site-packages\flask\json\__init__.py", line 170, in jsonify
    return current_app.json.response(*args, **kwargs)
           ^^^^^^^^^^^^^^^^^^^^^^^^^^^^^^^^^^^^^^^^^^
  File "C:\Users\Dell\AppData\Local\Programs\Python\Python312\Lib\site-packages\flask\json\provider.py", line 215, in response
    f"{self.dumps(obj, **dump_args)}\n", mimetype=self.mimetype
       ^^^^^^^^^^^^^^^^^^^^^^^^^^^^
  File "C:\Users\Dell\AppData\Local\Programs\Python\Python312\Lib\site-packages\flask\json\provider.py", line 180, in dumps
    return json.dumps(obj, **kwargs)
           ^^^^^^^^^^^^^^^^^^^^^^^^^
  File "C:\Users\Dell\AppData\Local\Programs\Python\Python312\Lib\json\__init__.py", line 238, in dumps
    **kw).encode(obj)
          ^^^^^^^^^^^
  File "C:\Users\Dell\AppData\Local\Programs\Python\Python312\Lib\json\encoder.py", line 200, in encode
    chunks = self.iterencode(o, _one_shot=True)
             ^^^^^^^^^^^^^^^^^^^^^^^^^^^^^^^^^^
  File "C:\Users\Dell\AppData\Local\Programs\Python\Python312\Lib\json\encoder.py", line 258, in iterencode
    return _iterencode(o, 0)
           ^^^^^^^^^^^^^^^^^
  File "C:\Users\Dell\AppData\Local\Programs\Python\Python312\Lib\site-packages\flask\json\provider.py", line 120, in _default
    raise TypeError(f"Object of type {type(o).__name__} is not JSON serializable")
TypeError: Object of type set is not JSON serializable
2026-01-19 22:27:40,400 - __main__ - ERROR - Internal server error: 500 Internal Server Error: The server encountered an internal error and was unable to complete your request. Either the server is overloaded or there is an error in the application.
2026-01-19 22:30:26,350 - __main__ - INFO - Telemetry received: app_started from e35d4b64dd6fb107
2026-01-19 22:30:26,351 - __main__ - INFO - Telemetry processed: app_started from 127.0.0.1
2026-01-19 22:30:58,314 - __main__ - INFO - Telemetry received: project_created from e35d4b64dd6fb107
2026-01-19 22:30:58,316 - __main__ - INFO - Telemetry processed: project_created from 127.0.0.1
